{"/Users/egwuenugift/Desktop/RMW-react/src/containers/Home.js": {"path":"/Users/egwuenugift/Desktop/RMW-react/src/containers/Home.js","statementMap":{"0":{"start":{"line":3,"column":13},"end":{"line":80,"column":1}},"1":{"start":{"line":4,"column":4},"end":{"line":79,"column":19}}},"fnMap":{"0":{"name":"(anonymous_0)","decl":{"start":{"line":3,"column":13},"end":{"line":3,"column":14}},"loc":{"start":{"line":4,"column":4},"end":{"line":79,"column":19}},"line":4}},"branchMap":{},"s":{"0":1,"1":1},"f":{"0":1},"b":{},"_coverageSchema":"332fd63041d2c1bcb487cc26dd0d5f7d97098a6c","hash":"0f150ddd3cdb0b81eb3825a7c0092de8752df988"}
}
